<?xml version="1.0" encoding="UTF-8"?>
<!-- Generated by org.testng.reporters.JUnitXMLReporter -->
<testsuite ignored="12" hostname="LAPTOP-741J8H39" failures="1" tests="1" name="Default test(failed)" time="10.947" errors="0" timestamp="2023-01-06T18:46:54 IST">
  <testcase classname="TestCase.InventarPageTest" name="verifyfacebookLogoTest" time="0.097">
    <failure type="java.lang.AssertionError" message="expected [false] but found [true]">
      <![CDATA[java.lang.AssertionError: expected [false] but found [true]
at TestCase.InventarPageTest.verifyfacebookLogoTest(InventarPageTest.java:79)
at java.base/java.util.ArrayList.forEach(ArrayList.java:1511)
... Removed 32 stack frames]]>
    </failure>
  </testcase> <!-- verifyfacebookLogoTest -->
  <testcase classname="TestCase.InventarPageTest" name="verifyinfoAboutTest" time="0.0">
    <ignored/>
  </testcase> <!-- verifyinfoAboutTest -->
  <testcase classname="TestCase.InventarPageTest" name="verifydropdownTest" time="0.0">
    <ignored/>
  </testcase> <!-- verifydropdownTest -->
  <testcase classname="TestCase.InventarPageTest" name="verifypeek1LogoTest" time="0.0">
    <ignored/>
  </testcase> <!-- verifypeek1LogoTest -->
  <testcase classname="TestCase.InventarPageTest" name="verifyAppLogoTest" time="0.0">
    <ignored/>
  </testcase> <!-- verifyAppLogoTest -->
  <testcase classname="TestCase.InventarPageTest" name="verifyrobotlogoTest" time="0.0">
    <ignored/>
  </testcase> <!-- verifyrobotlogoTest -->
  <testcase classname="TestCase.InventarPageTest" name="verifyCartPageOpenTest" time="0.0">
    <ignored/>
  </testcase> <!-- verifyCartPageOpenTest -->
  <testcase classname="TestCase.InventarPageTest" name="verifyMenuBtnTest" time="0.0">
    <ignored/>
  </testcase> <!-- verifyMenuBtnTest -->
  <testcase classname="TestCase.InventarPageTest" name="verifyURLTest" time="0.0">
    <ignored/>
  </testcase> <!-- verifyURLTest -->
  <testcase classname="TestCase.InventarPageTest" name="verifylinkedInTest" time="0.0">
    <ignored/>
  </testcase> <!-- verifylinkedInTest -->
  <testcase classname="TestCase.InventarPageTest" name="verifytwitterLogoTest" time="0.0">
    <ignored/>
  </testcase> <!-- verifytwitterLogoTest -->
  <testcase classname="TestCase.InventarPageTest" name="verifycartBtnClickableTest" time="0.0">
    <ignored/>
  </testcase> <!-- verifycartBtnClickableTest -->
  <testcase classname="TestCase.InventarPageTest" name="verifycartbtnTest" time="0.0">
    <ignored/>
  </testcase> <!-- verifycartbtnTest -->
</testsuite> <!-- Default test(failed) -->
