<?xml version="1.0" encoding="UTF-8"?>
<!-- Generated by org.testng.reporters.JUnitXMLReporter -->
<testsuite ignored="22" hostname="LAPTOP-741J8H39" failures="4" tests="4" name="Test(failed)" time="0.066" errors="0" timestamp="2023-01-06T18:17:50 IST">
  <testcase classname="TestCase.LogInPageTestCase" name="verifyPasswordTextboxTest" time="0.009">
    <failure type="java.lang.NullPointerException" message="Cannot invoke &amp;quot;Pages.LogInPage.verifyPasswordTextbox()&amp;quot; because &amp;quot;this.login&amp;quot; is null">
      <![CDATA[java.lang.NullPointerException: Cannot invoke "Pages.LogInPage.verifyPasswordTextbox()" because "this.login" is null
at TestCase.LogInPageTestCase.verifyPasswordTextboxTest(LogInPageTestCase.java:50)
at java.base/java.util.ArrayList.forEach(ArrayList.java:1511)
... Removed 27 stack frames]]>
    </failure>
  </testcase> <!-- verifyPasswordTextboxTest -->
  <testcase classname="TestCase.LogInPageTestCase" name="verifySauceLabTitleTest" time="0.001">
    <failure type="java.lang.NullPointerException" message="Cannot invoke &amp;quot;Pages.LogInPage.verifysucelabtitle()&amp;quot; because &amp;quot;this.login&amp;quot; is null">
      <![CDATA[java.lang.NullPointerException: Cannot invoke "Pages.LogInPage.verifysucelabtitle()" because "this.login" is null
at TestCase.LogInPageTestCase.verifySauceLabTitleTest(LogInPageTestCase.java:32)
at java.base/java.util.ArrayList.forEach(ArrayList.java:1511)
... Removed 27 stack frames]]>
    </failure>
  </testcase> <!-- verifySauceLabTitleTest -->
  <testcase classname="TestCase.LogInPageTestCase" name="verifyLoginBtnTest" time="0.002">
    <failure type="java.lang.NullPointerException" message="Cannot invoke &amp;quot;Pages.LogInPage.verifyLoginBtn()&amp;quot; because &amp;quot;this.login&amp;quot; is null">
      <![CDATA[java.lang.NullPointerException: Cannot invoke "Pages.LogInPage.verifyLoginBtn()" because "this.login" is null
at TestCase.LogInPageTestCase.verifyLoginBtnTest(LogInPageTestCase.java:39)
at java.base/java.util.ArrayList.forEach(ArrayList.java:1511)
... Removed 27 stack frames]]>
    </failure>
  </testcase> <!-- verifyLoginBtnTest -->
  <testcase classname="TestCase.InventarPageTest" name="verifyfacebookLogoTest" time="0.003">
    <failure type="java.lang.NullPointerException" message="Cannot invoke &amp;quot;Pages.InventaryPage.verifyfacebookLogo()&amp;quot; because &amp;quot;this.inventory&amp;quot; is null">
      <![CDATA[java.lang.NullPointerException: Cannot invoke "Pages.InventaryPage.verifyfacebookLogo()" because "this.inventory" is null
at TestCase.InventarPageTest.verifyfacebookLogoTest(InventarPageTest.java:78)
at java.base/java.util.ArrayList.forEach(ArrayList.java:1511)
... Removed 27 stack frames]]>
    </failure>
  </testcase> <!-- verifyfacebookLogoTest -->
  <testcase classname="TestCase.InventarPageTest" name="verifydropdownTest" time="0.0">
    <ignored/>
  </testcase> <!-- verifydropdownTest -->
  <testcase classname="TestCase.InventarPageTest" name="verifyinfoAboutTest" time="0.0">
    <ignored/>
  </testcase> <!-- verifyinfoAboutTest -->
  <testcase classname="TestCase.InventarPageTest" name="verifypeek1LogoTest" time="0.0">
    <ignored/>
  </testcase> <!-- verifypeek1LogoTest -->
  <testcase classname="TestCase.InventarPageTest" name="verifyAppLogoTest" time="0.0">
    <ignored/>
  </testcase> <!-- verifyAppLogoTest -->
  <testcase classname="TestCase.LogInPageTestCase" name="verifyPasswordDisplayedTest" time="0.0">
    <ignored/>
  </testcase> <!-- verifyPasswordDisplayedTest -->
  <testcase classname="TestCase.LogInPageTestCase" name="verifysortDropDownTest" time="0.0">
    <ignored/>
  </testcase> <!-- verifysortDropDownTest -->
  <testcase classname="TestCase.InventarPageTest" name="verifyCartPageOpenTest" time="0.0">
    <ignored/>
  </testcase> <!-- verifyCartPageOpenTest -->
  <testcase classname="TestCase.LogInPageTestCase" name="verifyloginLogoTest" time="0.0">
    <ignored/>
  </testcase> <!-- verifyloginLogoTest -->
  <testcase classname="TestCase.LogInPageTestCase" name="verifySauceLabURLTest" time="0.0">
    <ignored/>
  </testcase> <!-- verifySauceLabURLTest -->
  <testcase classname="TestCase.LogInPageTestCase" name="verifyshoppingCartTest" time="0.0">
    <ignored/>
  </testcase> <!-- verifyshoppingCartTest -->
  <testcase classname="TestCase.LogInPageTestCase" name="verifyProductLogoTest" time="0.0">
    <ignored/>
  </testcase> <!-- verifyProductLogoTest -->
  <testcase classname="TestCase.LogInPageTestCase" name="verifyLoginpageTest" time="0.0">
    <ignored/>
  </testcase> <!-- verifyLoginpageTest -->
  <testcase classname="TestCase.InventarPageTest" name="verifyrobotlogoTest" time="0.0">
    <ignored/>
  </testcase> <!-- verifyrobotlogoTest -->
  <testcase classname="TestCase.InventarPageTest" name="verifyMenuBtnTest" time="0.0">
    <ignored/>
  </testcase> <!-- verifyMenuBtnTest -->
  <testcase classname="TestCase.LogInPageTestCase" name="verifyproductLableTest" time="0.0">
    <ignored/>
  </testcase> <!-- verifyproductLableTest -->
  <testcase classname="TestCase.LogInPageTestCase" name="verifyUsernameTextboxTest" time="0.0">
    <ignored/>
  </testcase> <!-- verifyUsernameTextboxTest -->
  <testcase classname="TestCase.LogInPageTestCase" name="verifyUsernameDisplayedTest" time="0.0">
    <ignored/>
  </testcase> <!-- verifyUsernameDisplayedTest -->
  <testcase classname="TestCase.InventarPageTest" name="verifyURLTest" time="0.0">
    <ignored/>
  </testcase> <!-- verifyURLTest -->
  <testcase classname="TestCase.InventarPageTest" name="verifylinkedInTest" time="0.0">
    <ignored/>
  </testcase> <!-- verifylinkedInTest -->
  <testcase classname="TestCase.InventarPageTest" name="verifytwitterLogoTest" time="0.0">
    <ignored/>
  </testcase> <!-- verifytwitterLogoTest -->
  <testcase classname="TestCase.InventarPageTest" name="verifycartBtnClickableTest" time="0.0">
    <ignored/>
  </testcase> <!-- verifycartBtnClickableTest -->
  <testcase classname="TestCase.InventarPageTest" name="verifycartbtnTest" time="0.0">
    <ignored/>
  </testcase> <!-- verifycartbtnTest -->
</testsuite> <!-- Test(failed) -->
